Command line:
   FSM_tb_isim_beh.exe
     -simmode  gui
     -simrunnum  0
     -socket  56228

Fri Dec 05 03:44:01 2014


 Elaboration Time: 0.483603 sec

 Current Memory Usage: 677.429 Meg

 Total Signals          : 45
 Total Nets             : 268
 Total Signal Drivers   : 23
 Total Blocks           : 6
 Total Primitive Blocks : 4
 Total Processes        : 8
 Total Traceable Variables  : 11
 Total Scalar Nets and Variables : 647
Total Line Count : 192
Total Line Count : 192

 Total Simulation Time: 3.27602 sec

 Current Memory Usage: 677.429 Meg

Fri Dec 05 03:48:29 2014

